{"C:/Users/L1usk0/Desktop/Training/REACT/REACT APPLICATION/React-GolfShopProject/client/src/App.jsx": {"path":"C:/Users/L1usk0/Desktop/Training/REACT/REACT APPLICATION/React-GolfShopProject/client/src/App.jsx","statementMap":{"0":{"start":{"line":26,"column":2},"end":{"line":51,"column":null}}},"fnMap":{"0":{"name":"App","decl":{"start":{"line":24,"column":9},"end":{"line":24,"column":15}},"loc":{"start":{"line":24,"column":15},"end":{"line":53,"column":null}}}},"branchMap":{},"s":{"0":0},"f":{"0":0},"b":{}}
,"C:/Users/L1usk0/Desktop/Training/REACT/REACT APPLICATION/React-GolfShopProject/client/src/main.jsx": {"path":"C:/Users/L1usk0/Desktop/Training/REACT/REACT APPLICATION/React-GolfShopProject/client/src/main.jsx","statementMap":{"0":{"start":{"line":5,"column":0},"end":{"line":9,"column":null}}},"fnMap":{},"branchMap":{},"s":{"0":0},"f":{},"b":{}}
,"C:/Users/L1usk0/Desktop/Training/REACT/REACT APPLICATION/React-GolfShopProject/client/src/api/authApi.js": {"path":"C:/Users/L1usk0/Desktop/Training/REACT/REACT APPLICATION/React-GolfShopProject/client/src/api/authApi.js","statementMap":{"0":{"start":{"line":5,"column":16},"end":{"line":5,"column":62}},"1":{"start":{"line":7,"column":24},"end":{"line":17,"column":1}},"2":{"start":{"line":8,"column":18},"end":{"line":12,"column":9}},"3":{"start":{"line":9,"column":8},"end":{"line":12,"column":9}},"4":{"start":{"line":14,"column":4},"end":{"line":16,"column":5}},"5":{"start":{"line":19,"column":27},"end":{"line":26,"column":1}},"6":{"start":{"line":20,"column":21},"end":{"line":21,"column":64}},"7":{"start":{"line":21,"column":8},"end":{"line":21,"column":64}},"8":{"start":{"line":23,"column":4},"end":{"line":25,"column":5}},"9":{"start":{"line":28,"column":25},"end":{"line":50,"column":1}},"10":{"start":{"line":29,"column":47},"end":{"line":29,"column":70}},"11":{"start":{"line":31,"column":4},"end":{"line":45,"column":41}},"12":{"start":{"line":32,"column":8},"end":{"line":34,"column":9}},"13":{"start":{"line":33,"column":12},"end":{"line":33,"column":19}},"14":{"start":{"line":36,"column":24},"end":{"line":40,"column":9}},"15":{"start":{"line":42,"column":8},"end":{"line":43,"column":37}},"16":{"start":{"line":47,"column":4},"end":{"line":49,"column":6}}},"fnMap":{"0":{"name":"(anonymous_0)","decl":{"start":{"line":7,"column":24},"end":{"line":7,"column":25}},"loc":{"start":{"line":7,"column":30},"end":{"line":17,"column":1}}},"1":{"name":"(anonymous_1)","decl":{"start":{"line":8,"column":18},"end":{"line":8,"column":23}},"loc":{"start":{"line":9,"column":8},"end":{"line":12,"column":9}}},"2":{"name":"(anonymous_2)","decl":{"start":{"line":19,"column":27},"end":{"line":19,"column":28}},"loc":{"start":{"line":19,"column":33},"end":{"line":26,"column":1}}},"3":{"name":"(anonymous_3)","decl":{"start":{"line":20,"column":21},"end":{"line":20,"column":22}},"loc":{"start":{"line":21,"column":8},"end":{"line":21,"column":64}}},"4":{"name":"(anonymous_4)","decl":{"start":{"line":28,"column":25},"end":{"line":28,"column":26}},"loc":{"start":{"line":28,"column":31},"end":{"line":50,"column":1}}},"5":{"name":"(anonymous_5)","decl":{"start":{"line":31,"column":14},"end":{"line":31,"column":15}},"loc":{"start":{"line":31,"column":20},"end":{"line":45,"column":5}}}},"branchMap":{"0":{"loc":{"start":{"line":32,"column":8},"end":{"line":34,"column":9}},"type":"if","locations":[{"start":{"line":32,"column":8},"end":{"line":34,"column":9}},{"start":{},"end":{}}]}},"s":{"0":0,"1":0,"2":0,"3":0,"4":0,"5":0,"6":0,"7":0,"8":0,"9":0,"10":0,"11":0,"12":0,"13":0,"14":0,"15":0,"16":0},"f":{"0":0,"1":0,"2":0,"3":0,"4":0,"5":0},"b":{"0":[0,0]}}
,"C:/Users/L1usk0/Desktop/Training/REACT/REACT APPLICATION/React-GolfShopProject/client/src/api/cartApi.js": {"path":"C:/Users/L1usk0/Desktop/Training/REACT/REACT APPLICATION/React-GolfShopProject/client/src/api/cartApi.js","statementMap":{"0":{"start":{"line":2,"column":30},"end":{"line":12,"column":1}},"1":{"start":{"line":3,"column":25},"end":{"line":3,"column":73}},"2":{"start":{"line":3,"column":47},"end":{"line":3,"column":72}},"3":{"start":{"line":4,"column":4},"end":{"line":10,"column":5}},"4":{"start":{"line":5,"column":8},"end":{"line":9,"column":10}},"5":{"start":{"line":6,"column":12},"end":{"line":8,"column":26}},"6":{"start":{"line":11,"column":4},"end":{"line":11,"column":47}},"7":{"start":{"line":14,"column":35},"end":{"line":16,"column":1}},"8":{"start":{"line":15,"column":4},"end":{"line":15,"column":48}},"9":{"start":{"line":15,"column":31},"end":{"line":15,"column":46}},"10":{"start":{"line":18,"column":30},"end":{"line":20,"column":1}},"11":{"start":{"line":19,"column":4},"end":{"line":19,"column":14}},"12":{"start":{"line":22,"column":35},"end":{"line":24,"column":1}},"13":{"start":{"line":23,"column":4},"end":{"line":23,"column":75}},"14":{"start":{"line":23,"column":38},"end":{"line":23,"column":70}}},"fnMap":{"0":{"name":"(anonymous_0)","decl":{"start":{"line":2,"column":30},"end":{"line":2,"column":31}},"loc":{"start":{"line":2,"column":46},"end":{"line":12,"column":1}}},"1":{"name":"(anonymous_1)","decl":{"start":{"line":3,"column":35},"end":{"line":3,"column":43}},"loc":{"start":{"line":3,"column":47},"end":{"line":3,"column":72}}},"2":{"name":"(anonymous_2)","decl":{"start":{"line":5,"column":24},"end":{"line":5,"column":32}},"loc":{"start":{"line":6,"column":12},"end":{"line":8,"column":26}}},"3":{"name":"(anonymous_3)","decl":{"start":{"line":14,"column":35},"end":{"line":14,"column":36}},"loc":{"start":{"line":14,"column":49},"end":{"line":16,"column":1}}},"4":{"name":"(anonymous_4)","decl":{"start":{"line":15,"column":23},"end":{"line":15,"column":27}},"loc":{"start":{"line":15,"column":31},"end":{"line":15,"column":46}}},"5":{"name":"(anonymous_5)","decl":{"start":{"line":18,"column":30},"end":{"line":18,"column":31}},"loc":{"start":{"line":18,"column":36},"end":{"line":20,"column":1}}},"6":{"name":"(anonymous_6)","decl":{"start":{"line":22,"column":35},"end":{"line":22,"column":36}},"loc":{"start":{"line":22,"column":45},"end":{"line":24,"column":1}}},"7":{"name":"(anonymous_7)","decl":{"start":{"line":23,"column":23},"end":{"line":23,"column":24}},"loc":{"start":{"line":23,"column":38},"end":{"line":23,"column":70}}}},"branchMap":{"0":{"loc":{"start":{"line":4,"column":4},"end":{"line":10,"column":5}},"type":"if","locations":[{"start":{"line":4,"column":4},"end":{"line":10,"column":5}},{"start":{},"end":{}}]},"1":{"loc":{"start":{"line":6,"column":12},"end":{"line":8,"column":26}},"type":"cond-expr","locations":[{"start":{"line":7,"column":18},"end":{"line":7,"column":66}},{"start":{"line":8,"column":18},"end":{"line":8,"column":26}}]}},"s":{"0":0,"1":0,"2":0,"3":0,"4":0,"5":0,"6":0,"7":0,"8":0,"9":0,"10":0,"11":0,"12":0,"13":0,"14":0},"f":{"0":0,"1":0,"2":0,"3":0,"4":0,"5":0,"6":0,"7":0},"b":{"0":[0,0],"1":[0,0]}}
,"C:/Users/L1usk0/Desktop/Training/REACT/REACT APPLICATION/React-GolfShopProject/client/src/api/itemApi.js": {"path":"C:/Users/L1usk0/Desktop/Training/REACT/REACT APPLICATION/React-GolfShopProject/client/src/api/itemApi.js","statementMap":{"0":{"start":{"line":5,"column":16},"end":{"line":5,"column":71}},"1":{"start":{"line":7,"column":24},"end":{"line":16,"column":1}},"2":{"start":{"line":8,"column":30},"end":{"line":8,"column":42}},"3":{"start":{"line":10,"column":4},"end":{"line":13,"column":10}},"4":{"start":{"line":11,"column":8},"end":{"line":12,"column":27}},"5":{"start":{"line":15,"column":4},"end":{"line":15,"column":21}},"6":{"start":{"line":18,"column":23},"end":{"line":27,"column":1}},"7":{"start":{"line":19,"column":28},"end":{"line":19,"column":42}},"8":{"start":{"line":21,"column":4},"end":{"line":24,"column":16}},"9":{"start":{"line":22,"column":8},"end":{"line":23,"column":27}},"10":{"start":{"line":26,"column":4},"end":{"line":26,"column":20}},"11":{"start":{"line":29,"column":30},"end":{"line":44,"column":1}},"12":{"start":{"line":30,"column":42},"end":{"line":30,"column":54}},"13":{"start":{"line":32,"column":4},"end":{"line":41,"column":11}},"14":{"start":{"line":33,"column":29},"end":{"line":37,"column":10}},"15":{"start":{"line":39,"column":8},"end":{"line":40,"column":34}},"16":{"start":{"line":43,"column":4},"end":{"line":43,"column":26}},"17":{"start":{"line":46,"column":29},"end":{"line":53,"column":1}},"18":{"start":{"line":47,"column":25},"end":{"line":47,"column":34}},"19":{"start":{"line":49,"column":19},"end":{"line":50,"column":40}},"20":{"start":{"line":50,"column":8},"end":{"line":50,"column":40}},"21":{"start":{"line":52,"column":4},"end":{"line":52,"column":21}},"22":{"start":{"line":55,"column":27},"end":{"line":62,"column":1}},"23":{"start":{"line":56,"column":25},"end":{"line":56,"column":34}},"24":{"start":{"line":58,"column":17},"end":{"line":60,"column":5}},"25":{"start":{"line":59,"column":8},"end":{"line":59,"column":75}},"26":{"start":{"line":61,"column":4},"end":{"line":61,"column":19}},"27":{"start":{"line":64,"column":28},"end":{"line":71,"column":1}},"28":{"start":{"line":65,"column":25},"end":{"line":65,"column":34}},"29":{"start":{"line":67,"column":23},"end":{"line":69,"column":5}},"30":{"start":{"line":68,"column":8},"end":{"line":68,"column":77}},"31":{"start":{"line":70,"column":4},"end":{"line":70,"column":23}},"32":{"start":{"line":73,"column":29},"end":{"line":80,"column":null}},"33":{"start":{"line":74,"column":25},"end":{"line":74,"column":34}},"34":{"start":{"line":76,"column":23},"end":{"line":77,"column":47}},"35":{"start":{"line":77,"column":8},"end":{"line":77,"column":47}},"36":{"start":{"line":79,"column":4},"end":{"line":79,"column":25}}},"fnMap":{"0":{"name":"(anonymous_0)","decl":{"start":{"line":7,"column":24},"end":{"line":7,"column":25}},"loc":{"start":{"line":7,"column":30},"end":{"line":16,"column":1}}},"1":{"name":"(anonymous_1)","decl":{"start":{"line":10,"column":14},"end":{"line":10,"column":15}},"loc":{"start":{"line":10,"column":20},"end":{"line":13,"column":5}}},"2":{"name":"(anonymous_2)","decl":{"start":{"line":18,"column":23},"end":{"line":18,"column":24}},"loc":{"start":{"line":18,"column":35},"end":{"line":27,"column":1}}},"3":{"name":"(anonymous_3)","decl":{"start":{"line":21,"column":14},"end":{"line":21,"column":15}},"loc":{"start":{"line":21,"column":20},"end":{"line":24,"column":5}}},"4":{"name":"(anonymous_4)","decl":{"start":{"line":29,"column":30},"end":{"line":29,"column":31}},"loc":{"start":{"line":29,"column":36},"end":{"line":44,"column":1}}},"5":{"name":"(anonymous_5)","decl":{"start":{"line":32,"column":13},"end":{"line":32,"column":14}},"loc":{"start":{"line":32,"column":19},"end":{"line":41,"column":5}}},"6":{"name":"(anonymous_6)","decl":{"start":{"line":46,"column":29},"end":{"line":46,"column":30}},"loc":{"start":{"line":46,"column":35},"end":{"line":53,"column":1}}},"7":{"name":"(anonymous_7)","decl":{"start":{"line":49,"column":19},"end":{"line":49,"column":20}},"loc":{"start":{"line":50,"column":8},"end":{"line":50,"column":40}}},"8":{"name":"(anonymous_8)","decl":{"start":{"line":55,"column":27},"end":{"line":55,"column":28}},"loc":{"start":{"line":55,"column":33},"end":{"line":62,"column":1}}},"9":{"name":"(anonymous_9)","decl":{"start":{"line":58,"column":17},"end":{"line":58,"column":18}},"loc":{"start":{"line":58,"column":39},"end":{"line":60,"column":5}}},"10":{"name":"(anonymous_10)","decl":{"start":{"line":64,"column":28},"end":{"line":64,"column":29}},"loc":{"start":{"line":64,"column":34},"end":{"line":71,"column":1}}},"11":{"name":"(anonymous_11)","decl":{"start":{"line":67,"column":23},"end":{"line":67,"column":24}},"loc":{"start":{"line":67,"column":45},"end":{"line":69,"column":5}}},"12":{"name":"(anonymous_12)","decl":{"start":{"line":73,"column":29},"end":{"line":73,"column":30}},"loc":{"start":{"line":73,"column":35},"end":{"line":80,"column":null}}},"13":{"name":"(anonymous_13)","decl":{"start":{"line":76,"column":23},"end":{"line":76,"column":24}},"loc":{"start":{"line":77,"column":8},"end":{"line":77,"column":47}}}},"branchMap":{},"s":{"0":0,"1":0,"2":0,"3":0,"4":0,"5":0,"6":0,"7":0,"8":0,"9":0,"10":0,"11":0,"12":0,"13":0,"14":0,"15":0,"16":0,"17":0,"18":0,"19":0,"20":0,"21":0,"22":0,"23":0,"24":0,"25":0,"26":0,"27":0,"28":0,"29":0,"30":0,"31":0,"32":0,"33":0,"34":0,"35":0,"36":0},"f":{"0":0,"1":0,"2":0,"3":0,"4":0,"5":0,"6":0,"7":0,"8":0,"9":0,"10":0,"11":0,"12":0,"13":0},"b":{}}
,"C:/Users/L1usk0/Desktop/Training/REACT/REACT APPLICATION/React-GolfShopProject/client/src/components/cart/CartComponent.jsx": {"path":"C:/Users/L1usk0/Desktop/Training/REACT/REACT APPLICATION/React-GolfShopProject/client/src/components/cart/CartComponent.jsx","statementMap":{"0":{"start":{"line":10,"column":21},"end":{"line":10,"column":null}},"1":{"start":{"line":11,"column":60},"end":{"line":11,"column":null}},"2":{"start":{"line":12,"column":22},"end":{"line":12,"column":null}},"3":{"start":{"line":13,"column":21},"end":{"line":13,"column":null}},"4":{"start":{"line":14,"column":30},"end":{"line":14,"column":null}},"5":{"start":{"line":16,"column":4},"end":{"line":18,"column":null}},"6":{"start":{"line":17,"column":8},"end":{"line":17,"column":null}},"7":{"start":{"line":20,"column":27},"end":{"line":51,"column":null}},"8":{"start":{"line":21,"column":8},"end":{"line":21,"column":null}},"9":{"start":{"line":23,"column":8},"end":{"line":50,"column":null}},"10":{"start":{"line":24,"column":12},"end":{"line":42,"column":null}},"11":{"start":{"line":25,"column":35},"end":{"line":25,"column":null}},"12":{"start":{"line":25,"column":54},"end":{"line":25,"column":79}},"13":{"start":{"line":27,"column":16},"end":{"line":32,"column":null}},"14":{"start":{"line":28,"column":41},"end":{"line":28,"column":null}},"15":{"start":{"line":29,"column":20},"end":{"line":29,"column":null}},"16":{"start":{"line":30,"column":20},"end":{"line":30,"column":null}},"17":{"start":{"line":31,"column":20},"end":{"line":31,"column":null}},"18":{"start":{"line":33,"column":40},"end":{"line":33,"column":null}},"19":{"start":{"line":35,"column":16},"end":{"line":40,"column":null}},"20":{"start":{"line":36,"column":41},"end":{"line":36,"column":null}},"21":{"start":{"line":37,"column":20},"end":{"line":37,"column":null}},"22":{"start":{"line":38,"column":20},"end":{"line":38,"column":null}},"23":{"start":{"line":39,"column":20},"end":{"line":39,"column":null}},"24":{"start":{"line":41,"column":16},"end":{"line":41,"column":null}},"25":{"start":{"line":44,"column":12},"end":{"line":44,"column":null}},"26":{"start":{"line":45,"column":12},"end":{"line":45,"column":null}},"27":{"start":{"line":46,"column":12},"end":{"line":46,"column":null}},"28":{"start":{"line":48,"column":12},"end":{"line":48,"column":null}},"29":{"start":{"line":49,"column":12},"end":{"line":49,"column":null}},"30":{"start":{"line":53,"column":4},"end":{"line":84,"column":null}},"31":{"start":{"line":62,"column":28},"end":{"line":72,"column":null}},"32":{"start":{"line":70,"column":59},"end":{"line":70,"column":85}}},"fnMap":{"0":{"name":"CartComponent","decl":{"start":{"line":9,"column":24},"end":{"line":9,"column":40}},"loc":{"start":{"line":9,"column":40},"end":{"line":86,"column":null}}},"1":{"name":"(anonymous_1)","decl":{"start":{"line":20,"column":27},"end":{"line":20,"column":39}},"loc":{"start":{"line":20,"column":39},"end":{"line":51,"column":null}}},"2":{"name":"(anonymous_2)","decl":{"start":{"line":25,"column":46},"end":{"line":25,"column":54}},"loc":{"start":{"line":25,"column":54},"end":{"line":25,"column":79}}},"3":{"name":"(anonymous_3)","decl":{"start":{"line":61,"column":34},"end":{"line":61,"column":35}},"loc":{"start":{"line":62,"column":28},"end":{"line":72,"column":null}}},"4":{"name":"(anonymous_4)","decl":{"start":{"line":70,"column":53},"end":{"line":70,"column":59}},"loc":{"start":{"line":70,"column":59},"end":{"line":70,"column":85}}}},"branchMap":{"0":{"loc":{"start":{"line":16,"column":4},"end":{"line":18,"column":null}},"type":"if","locations":[{"start":{"line":16,"column":4},"end":{"line":18,"column":null}},{"start":{},"end":{}}]},"1":{"loc":{"start":{"line":27,"column":16},"end":{"line":32,"column":null}},"type":"if","locations":[{"start":{"line":27,"column":16},"end":{"line":32,"column":null}},{"start":{},"end":{}}]},"2":{"loc":{"start":{"line":35,"column":16},"end":{"line":40,"column":null}},"type":"if","locations":[{"start":{"line":35,"column":16},"end":{"line":40,"column":null}},{"start":{},"end":{}}]},"3":{"loc":{"start":{"line":49,"column":46},"end":{"line":49,"column":84}},"type":"binary-expr","locations":[{"start":{"line":49,"column":46},"end":{"line":49,"column":61}},{"start":{"line":49,"column":61},"end":{"line":49,"column":84}}]},"4":{"loc":{"start":{"line":57,"column":17},"end":{"line":74,"column":null}},"type":"cond-expr","locations":[{"start":{"line":58,"column":20},"end":{"line":58,"column":null}},{"start":{"line":60,"column":20},"end":{"line":74,"column":null}}]},"5":{"loc":{"start":{"line":78,"column":17},"end":{"line":78,"column":null}},"type":"binary-expr","locations":[{"start":{"line":78,"column":17},"end":{"line":78,"column":26}},{"start":{"line":78,"column":26},"end":{"line":78,"column":null}}]},"6":{"loc":{"start":{"line":80,"column":17},"end":{"line":81,"column":null}},"type":"binary-expr","locations":[{"start":{"line":80,"column":17},"end":{"line":80,"column":null}},{"start":{"line":81,"column":20},"end":{"line":81,"column":null}}]}},"s":{"0":0,"1":0,"2":0,"3":0,"4":0,"5":0,"6":0,"7":0,"8":0,"9":0,"10":0,"11":0,"12":0,"13":0,"14":0,"15":0,"16":0,"17":0,"18":0,"19":0,"20":0,"21":0,"22":0,"23":0,"24":0,"25":0,"26":0,"27":0,"28":0,"29":0,"30":0,"31":0,"32":0},"f":{"0":0,"1":0,"2":0,"3":0,"4":0},"b":{"0":[0,0],"1":[0,0],"2":[0,0],"3":[0,0],"4":[0,0],"5":[0,0],"6":[0,0]}}
,"C:/Users/L1usk0/Desktop/Training/REACT/REACT APPLICATION/React-GolfShopProject/client/src/components/catalog/Catalog.jsx": {"path":"C:/Users/L1usk0/Desktop/Training/REACT/REACT APPLICATION/React-GolfShopProject/client/src/components/catalog/Catalog.jsx","statementMap":{"0":{"start":{"line":8,"column":30},"end":{"line":8,"column":null}},"1":{"start":{"line":9,"column":20},"end":{"line":9,"column":null}},"2":{"start":{"line":11,"column":24},"end":{"line":13,"column":null}},"3":{"start":{"line":12,"column":4},"end":{"line":12,"column":null}},"4":{"start":{"line":15,"column":2},"end":{"line":33,"column":null}},"5":{"start":{"line":23,"column":27},"end":{"line":23,"column":null}},"6":{"start":{"line":28,"column":42},"end":{"line":28,"column":81}}},"fnMap":{"0":{"name":"Catalog","decl":{"start":{"line":7,"column":24},"end":{"line":7,"column":34}},"loc":{"start":{"line":7,"column":34},"end":{"line":35,"column":null}}},"1":{"name":"(anonymous_1)","decl":{"start":{"line":11,"column":37},"end":{"line":11,"column":38}},"loc":{"start":{"line":12,"column":4},"end":{"line":12,"column":null}}},"2":{"name":"(anonymous_2)","decl":{"start":{"line":23,"column":20},"end":{"line":23,"column":21}},"loc":{"start":{"line":23,"column":27},"end":{"line":23,"column":null}}},"3":{"name":"(anonymous_3)","decl":{"start":{"line":28,"column":32},"end":{"line":28,"column":33}},"loc":{"start":{"line":28,"column":42},"end":{"line":28,"column":81}}}},"branchMap":{"0":{"loc":{"start":{"line":27,"column":11},"end":{"line":29,"column":null}},"type":"cond-expr","locations":[{"start":{"line":28,"column":14},"end":{"line":28,"column":null}},{"start":{"line":29,"column":14},"end":{"line":29,"column":null}}]}},"s":{"0":0,"1":0,"2":0,"3":0,"4":0,"5":0,"6":0},"f":{"0":0,"1":0,"2":0,"3":0},"b":{"0":[0,0]}}
,"C:/Users/L1usk0/Desktop/Training/REACT/REACT APPLICATION/React-GolfShopProject/client/src/components/catalog/singleItem/SingleItem.jsx": {"path":"C:/Users/L1usk0/Desktop/Training/REACT/REACT APPLICATION/React-GolfShopProject/client/src/components/catalog/singleItem/SingleItem.jsx","statementMap":{"0":{"start":{"line":13,"column":26},"end":{"line":13,"column":null}},"1":{"start":{"line":15,"column":4},"end":{"line":24,"column":null}},"2":{"start":{"line":21,"column":62},"end":{"line":21,"column":114}}},"fnMap":{"0":{"name":"SingleItem","decl":{"start":{"line":4,"column":24},"end":{"line":4,"column":35}},"loc":{"start":{"line":11,"column":3},"end":{"line":26,"column":null}}},"1":{"name":"(anonymous_1)","decl":{"start":{"line":21,"column":56},"end":{"line":21,"column":62}},"loc":{"start":{"line":21,"column":62},"end":{"line":21,"column":114}}}},"branchMap":{},"s":{"0":0,"1":0,"2":0},"f":{"0":0,"1":0},"b":{}}
,"C:/Users/L1usk0/Desktop/Training/REACT/REACT APPLICATION/React-GolfShopProject/client/src/components/createItem/CreateItem.jsx": {"path":"C:/Users/L1usk0/Desktop/Training/REACT/REACT APPLICATION/React-GolfShopProject/client/src/components/createItem/CreateItem.jsx","statementMap":{"0":{"start":{"line":9,"column":21},"end":{"line":9,"column":null}},"1":{"start":{"line":10,"column":35},"end":{"line":10,"column":null}},"2":{"start":{"line":12,"column":25},"end":{"line":23,"column":null}},"3":{"start":{"line":13,"column":25},"end":{"line":13,"column":null}},"4":{"start":{"line":14,"column":8},"end":{"line":21,"column":null}},"5":{"start":{"line":15,"column":12},"end":{"line":15,"column":null}},"6":{"start":{"line":16,"column":12},"end":{"line":16,"column":null}},"7":{"start":{"line":17,"column":12},"end":{"line":17,"column":null}},"8":{"start":{"line":19,"column":12},"end":{"line":19,"column":null}},"9":{"start":{"line":20,"column":12},"end":{"line":20,"column":null}},"10":{"start":{"line":25,"column":4},"end":{"line":80,"column":null}}},"fnMap":{"0":{"name":"CreateItem","decl":{"start":{"line":8,"column":24},"end":{"line":8,"column":37}},"loc":{"start":{"line":8,"column":37},"end":{"line":82,"column":null}}},"1":{"name":"(anonymous_1)","decl":{"start":{"line":12,"column":25},"end":{"line":12,"column":32}},"loc":{"start":{"line":12,"column":45},"end":{"line":23,"column":null}}}},"branchMap":{"0":{"loc":{"start":{"line":20,"column":24},"end":{"line":20,"column":83}},"type":"binary-expr","locations":[{"start":{"line":20,"column":24},"end":{"line":20,"column":41}},{"start":{"line":20,"column":41},"end":{"line":20,"column":83}}]}},"s":{"0":0,"1":0,"2":0,"3":0,"4":0,"5":0,"6":0,"7":0,"8":0,"9":0,"10":0},"f":{"0":0,"1":0},"b":{"0":[0,0]}}
,"C:/Users/L1usk0/Desktop/Training/REACT/REACT APPLICATION/React-GolfShopProject/client/src/components/details/ItemDetails.jsx": {"path":"C:/Users/L1usk0/Desktop/Training/REACT/REACT APPLICATION/React-GolfShopProject/client/src/components/details/ItemDetails.jsx","statementMap":{"0":{"start":{"line":11,"column":21},"end":{"line":11,"column":null}},"1":{"start":{"line":12,"column":23},"end":{"line":12,"column":null}},"2":{"start":{"line":13,"column":23},"end":{"line":13,"column":null}},"3":{"start":{"line":14,"column":21},"end":{"line":14,"column":null}},"4":{"start":{"line":15,"column":27},"end":{"line":15,"column":null}},"5":{"start":{"line":17,"column":4},"end":{"line":19,"column":null}},"6":{"start":{"line":18,"column":8},"end":{"line":18,"column":null}},"7":{"start":{"line":21,"column":30},"end":{"line":35,"column":null}},"8":{"start":{"line":22,"column":29},"end":{"line":22,"column":null}},"9":{"start":{"line":23,"column":8},"end":{"line":25,"column":null}},"10":{"start":{"line":24,"column":12},"end":{"line":24,"column":null}},"11":{"start":{"line":26,"column":8},"end":{"line":33,"column":null}},"12":{"start":{"line":27,"column":12},"end":{"line":27,"column":null}},"13":{"start":{"line":28,"column":12},"end":{"line":28,"column":null}},"14":{"start":{"line":29,"column":12},"end":{"line":29,"column":null}},"15":{"start":{"line":31,"column":12},"end":{"line":31,"column":null}},"16":{"start":{"line":32,"column":12},"end":{"line":32,"column":null}},"17":{"start":{"line":37,"column":32},"end":{"line":41,"column":null}},"18":{"start":{"line":38,"column":8},"end":{"line":40,"column":null}},"19":{"start":{"line":39,"column":12},"end":{"line":39,"column":null}},"20":{"start":{"line":43,"column":20},"end":{"line":43,"column":null}},"21":{"start":{"line":45,"column":4},"end":{"line":66,"column":null}},"22":{"start":{"line":48,"column":62},"end":{"line":48,"column":null}}},"fnMap":{"0":{"name":"ItemDetails","decl":{"start":{"line":10,"column":24},"end":{"line":10,"column":38}},"loc":{"start":{"line":10,"column":38},"end":{"line":68,"column":1}}},"1":{"name":"(anonymous_1)","decl":{"start":{"line":21,"column":30},"end":{"line":21,"column":42}},"loc":{"start":{"line":21,"column":42},"end":{"line":35,"column":null}}},"2":{"name":"(anonymous_2)","decl":{"start":{"line":37,"column":32},"end":{"line":37,"column":33}},"loc":{"start":{"line":37,"column":39},"end":{"line":41,"column":null}}},"3":{"name":"(anonymous_3)","decl":{"start":{"line":48,"column":55},"end":{"line":48,"column":56}},"loc":{"start":{"line":48,"column":62},"end":{"line":48,"column":null}}}},"branchMap":{"0":{"loc":{"start":{"line":17,"column":4},"end":{"line":19,"column":null}},"type":"if","locations":[{"start":{"line":17,"column":4},"end":{"line":19,"column":null}},{"start":{},"end":{}}]},"1":{"loc":{"start":{"line":23,"column":8},"end":{"line":25,"column":null}},"type":"if","locations":[{"start":{"line":23,"column":8},"end":{"line":25,"column":null}},{"start":{},"end":{}}]},"2":{"loc":{"start":{"line":32,"column":24},"end":{"line":32,"column":83}},"type":"binary-expr","locations":[{"start":{"line":32,"column":24},"end":{"line":32,"column":41}},{"start":{"line":32,"column":41},"end":{"line":32,"column":83}}]},"3":{"loc":{"start":{"line":38,"column":8},"end":{"line":40,"column":null}},"type":"if","locations":[{"start":{"line":38,"column":8},"end":{"line":40,"column":null}},{"start":{},"end":{}}]},"4":{"loc":{"start":{"line":57,"column":21},"end":{"line":61,"column":null}},"type":"binary-expr","locations":[{"start":{"line":57,"column":21},"end":{"line":57,"column":null}},{"start":{"line":58,"column":24},"end":{"line":61,"column":null}}]}},"s":{"0":0,"1":0,"2":0,"3":0,"4":0,"5":0,"6":0,"7":0,"8":0,"9":0,"10":0,"11":0,"12":0,"13":0,"14":0,"15":0,"16":0,"17":0,"18":0,"19":0,"20":0,"21":0,"22":0},"f":{"0":0,"1":0,"2":0,"3":0},"b":{"0":[0,0],"1":[0,0],"2":[0,0],"3":[0,0],"4":[0,0]}}
,"C:/Users/L1usk0/Desktop/Training/REACT/REACT APPLICATION/React-GolfShopProject/client/src/components/editItem/ItemEdit.jsx": {"path":"C:/Users/L1usk0/Desktop/Training/REACT/REACT APPLICATION/React-GolfShopProject/client/src/components/editItem/ItemEdit.jsx","statementMap":{"0":{"start":{"line":11,"column":21},"end":{"line":11,"column":null}},"1":{"start":{"line":12,"column":23},"end":{"line":12,"column":null}},"2":{"start":{"line":13,"column":23},"end":{"line":13,"column":null}},"3":{"start":{"line":14,"column":21},"end":{"line":14,"column":null}},"4":{"start":{"line":15,"column":21},"end":{"line":15,"column":null}},"5":{"start":{"line":17,"column":4},"end":{"line":19,"column":null}},"6":{"start":{"line":18,"column":8},"end":{"line":18,"column":null}},"7":{"start":{"line":21,"column":4},"end":{"line":21,"column":null}},"8":{"start":{"line":23,"column":20},"end":{"line":23,"column":null}},"9":{"start":{"line":25,"column":4},"end":{"line":27,"column":null}},"10":{"start":{"line":26,"column":8},"end":{"line":26,"column":null}},"11":{"start":{"line":29,"column":23},"end":{"line":40,"column":null}},"12":{"start":{"line":30,"column":25},"end":{"line":30,"column":null}},"13":{"start":{"line":31,"column":8},"end":{"line":38,"column":null}},"14":{"start":{"line":32,"column":12},"end":{"line":32,"column":null}},"15":{"start":{"line":33,"column":12},"end":{"line":33,"column":null}},"16":{"start":{"line":34,"column":12},"end":{"line":34,"column":null}},"17":{"start":{"line":36,"column":12},"end":{"line":36,"column":null}},"18":{"start":{"line":37,"column":12},"end":{"line":37,"column":null}},"19":{"start":{"line":42,"column":4},"end":{"line":97,"column":null}}},"fnMap":{"0":{"name":"ItemEdit","decl":{"start":{"line":9,"column":24},"end":{"line":9,"column":35}},"loc":{"start":{"line":9,"column":35},"end":{"line":99,"column":null}}},"1":{"name":"(anonymous_1)","decl":{"start":{"line":29,"column":23},"end":{"line":29,"column":30}},"loc":{"start":{"line":29,"column":43},"end":{"line":40,"column":null}}}},"branchMap":{"0":{"loc":{"start":{"line":17,"column":4},"end":{"line":19,"column":null}},"type":"if","locations":[{"start":{"line":17,"column":4},"end":{"line":19,"column":null}},{"start":{},"end":{}}]},"1":{"loc":{"start":{"line":25,"column":4},"end":{"line":27,"column":null}},"type":"if","locations":[{"start":{"line":25,"column":4},"end":{"line":27,"column":null}},{"start":{},"end":{}}]},"2":{"loc":{"start":{"line":37,"column":24},"end":{"line":37,"column":83}},"type":"binary-expr","locations":[{"start":{"line":37,"column":24},"end":{"line":37,"column":41}},{"start":{"line":37,"column":41},"end":{"line":37,"column":83}}]}},"s":{"0":0,"1":0,"2":0,"3":0,"4":0,"5":0,"6":0,"7":0,"8":0,"9":0,"10":0,"11":0,"12":0,"13":0,"14":0,"15":0,"16":0,"17":0,"18":0,"19":0},"f":{"0":0,"1":0},"b":{"0":[0,0],"1":[0,0],"2":[0,0]}}
,"C:/Users/L1usk0/Desktop/Training/REACT/REACT APPLICATION/React-GolfShopProject/client/src/components/footer/Footer.jsx": {"path":"C:/Users/L1usk0/Desktop/Training/REACT/REACT APPLICATION/React-GolfShopProject/client/src/components/footer/Footer.jsx","statementMap":{"0":{"start":{"line":4,"column":4},"end":{"line":7,"column":null}}},"fnMap":{"0":{"name":"Footer","decl":{"start":{"line":3,"column":24},"end":{"line":3,"column":33}},"loc":{"start":{"line":3,"column":33},"end":{"line":9,"column":null}}}},"branchMap":{},"s":{"0":0},"f":{"0":0},"b":{}}
,"C:/Users/L1usk0/Desktop/Training/REACT/REACT APPLICATION/React-GolfShopProject/client/src/components/header/Header.jsx": {"path":"C:/Users/L1usk0/Desktop/Training/REACT/REACT APPLICATION/React-GolfShopProject/client/src/components/header/Header.jsx","statementMap":{"0":{"start":{"line":10,"column":39},"end":{"line":10,"column":null}},"1":{"start":{"line":11,"column":21},"end":{"line":11,"column":null}},"2":{"start":{"line":12,"column":4},"end":{"line":47,"column":null}}},"fnMap":{"0":{"name":"Header","decl":{"start":{"line":9,"column":24},"end":{"line":9,"column":33}},"loc":{"start":{"line":9,"column":33},"end":{"line":49,"column":null}}}},"branchMap":{"0":{"loc":{"start":{"line":20,"column":25},"end":{"line":31,"column":null}},"type":"cond-expr","locations":[{"start":{"line":22,"column":32},"end":{"line":25,"column":null}},{"start":{"line":28,"column":32},"end":{"line":31,"column":null}}]},"1":{"loc":{"start":{"line":37,"column":21},"end":{"line":40,"column":null}},"type":"binary-expr","locations":[{"start":{"line":37,"column":21},"end":{"line":37,"column":null}},{"start":{"line":38,"column":24},"end":{"line":40,"column":null}}]}},"s":{"0":0,"1":0,"2":0},"f":{"0":0},"b":{"0":[0,0],"1":[0,0]}}
,"C:/Users/L1usk0/Desktop/Training/REACT/REACT APPLICATION/React-GolfShopProject/client/src/components/home/Home.jsx": {"path":"C:/Users/L1usk0/Desktop/Training/REACT/REACT APPLICATION/React-GolfShopProject/client/src/components/home/Home.jsx","statementMap":{"0":{"start":{"line":7,"column":26},"end":{"line":7,"column":null}},"1":{"start":{"line":8,"column":24},"end":{"line":8,"column":null}},"2":{"start":{"line":10,"column":2},"end":{"line":23,"column":null}},"3":{"start":{"line":15,"column":10},"end":{"line":20,"column":null}},"4":{"start":{"line":19,"column":58},"end":{"line":19,"column":76}}},"fnMap":{"0":{"name":"Home","decl":{"start":{"line":6,"column":24},"end":{"line":6,"column":31}},"loc":{"start":{"line":6,"column":31},"end":{"line":25,"column":null}}},"1":{"name":"(anonymous_1)","decl":{"start":{"line":14,"column":25},"end":{"line":14,"column":null}},"loc":{"start":{"line":15,"column":10},"end":{"line":20,"column":null}}},"2":{"name":"(anonymous_2)","decl":{"start":{"line":19,"column":52},"end":{"line":19,"column":58}},"loc":{"start":{"line":19,"column":58},"end":{"line":19,"column":76}}}},"branchMap":{},"s":{"0":0,"1":0,"2":0,"3":0,"4":0},"f":{"0":0,"1":0,"2":0},"b":{}}
,"C:/Users/L1usk0/Desktop/Training/REACT/REACT APPLICATION/React-GolfShopProject/client/src/components/login/Login.jsx": {"path":"C:/Users/L1usk0/Desktop/Training/REACT/REACT APPLICATION/React-GolfShopProject/client/src/components/login/Login.jsx","statementMap":{"0":{"start":{"line":11,"column":19},"end":{"line":11,"column":null}},"1":{"start":{"line":12,"column":31},"end":{"line":12,"column":null}},"2":{"start":{"line":13,"column":20},"end":{"line":13,"column":null}},"3":{"start":{"line":15,"column":23},"end":{"line":30,"column":null}},"4":{"start":{"line":16,"column":4},"end":{"line":29,"column":null}},"5":{"start":{"line":17,"column":21},"end":{"line":17,"column":null}},"6":{"start":{"line":19,"column":23},"end":{"line":19,"column":null}},"7":{"start":{"line":21,"column":6},"end":{"line":21,"column":null}},"8":{"start":{"line":23,"column":6},"end":{"line":23,"column":null}},"9":{"start":{"line":25,"column":6},"end":{"line":25,"column":null}},"10":{"start":{"line":27,"column":6},"end":{"line":27,"column":null}},"11":{"start":{"line":28,"column":6},"end":{"line":28,"column":null}},"12":{"start":{"line":32,"column":38},"end":{"line":32,"column":null}},"13":{"start":{"line":34,"column":2},"end":{"line":67,"column":null}}},"fnMap":{"0":{"name":"Login","decl":{"start":{"line":10,"column":24},"end":{"line":10,"column":32}},"loc":{"start":{"line":10,"column":32},"end":{"line":69,"column":null}}},"1":{"name":"(anonymous_1)","decl":{"start":{"line":15,"column":23},"end":{"line":15,"column":30}},"loc":{"start":{"line":15,"column":46},"end":{"line":30,"column":null}}}},"branchMap":{"0":{"loc":{"start":{"line":60,"column":13},"end":{"line":60,"column":null}},"type":"cond-expr","locations":[{"start":{"line":60,"column":25},"end":{"line":60,"column":43}},{"start":{"line":60,"column":43},"end":{"line":60,"column":null}}]}},"s":{"0":0,"1":0,"2":0,"3":0,"4":0,"5":0,"6":0,"7":0,"8":0,"9":0,"10":0,"11":0,"12":0,"13":0},"f":{"0":0,"1":0},"b":{"0":[0,0]}}
,"C:/Users/L1usk0/Desktop/Training/REACT/REACT APPLICATION/React-GolfShopProject/client/src/components/logout/Logout.jsx": {"path":"C:/Users/L1usk0/Desktop/Training/REACT/REACT APPLICATION/React-GolfShopProject/client/src/components/logout/Logout.jsx","statementMap":{"0":{"start":{"line":5,"column":37},"end":{"line":5,"column":null}},"1":{"start":{"line":7,"column":4},"end":{"line":7,"column":null}},"2":{"start":{"line":7,"column":17},"end":{"line":7,"column":null}},"3":{"start":{"line":9,"column":4},"end":{"line":9,"column":null}}},"fnMap":{"0":{"name":"Logout","decl":{"start":{"line":4,"column":24},"end":{"line":4,"column":33}},"loc":{"start":{"line":4,"column":33},"end":{"line":10,"column":null}}}},"branchMap":{"0":{"loc":{"start":{"line":7,"column":4},"end":{"line":7,"column":null}},"type":"if","locations":[{"start":{"line":7,"column":4},"end":{"line":7,"column":null}},{"start":{},"end":{}}]},"1":{"loc":{"start":{"line":9,"column":11},"end":{"line":9,"column":null}},"type":"cond-expr","locations":[{"start":{"line":9,"column":25},"end":{"line":9,"column":47}},{"start":{"line":9,"column":47},"end":{"line":9,"column":null}}]}},"s":{"0":0,"1":0,"2":0,"3":0},"f":{"0":0},"b":{"0":[0,0],"1":[0,0]}}
,"C:/Users/L1usk0/Desktop/Training/REACT/REACT APPLICATION/React-GolfShopProject/client/src/components/register/Register.jsx": {"path":"C:/Users/L1usk0/Desktop/Training/REACT/REACT APPLICATION/React-GolfShopProject/client/src/components/register/Register.jsx","statementMap":{"0":{"start":{"line":12,"column":21},"end":{"line":12,"column":null}},"1":{"start":{"line":13,"column":25},"end":{"line":13,"column":null}},"2":{"start":{"line":14,"column":33},"end":{"line":14,"column":null}},"3":{"start":{"line":16,"column":28},"end":{"line":36,"column":null}},"4":{"start":{"line":17,"column":8},"end":{"line":35,"column":null}},"5":{"start":{"line":18,"column":52},"end":{"line":18,"column":null}},"6":{"start":{"line":20,"column":12},"end":{"line":24,"column":null}},"7":{"start":{"line":21,"column":16},"end":{"line":21,"column":null}},"8":{"start":{"line":23,"column":16},"end":{"line":23,"column":null}},"9":{"start":{"line":26,"column":29},"end":{"line":26,"column":null}},"10":{"start":{"line":27,"column":12},"end":{"line":27,"column":null}},"11":{"start":{"line":29,"column":12},"end":{"line":29,"column":null}},"12":{"start":{"line":31,"column":12},"end":{"line":31,"column":null}},"13":{"start":{"line":33,"column":12},"end":{"line":33,"column":null}},"14":{"start":{"line":34,"column":12},"end":{"line":34,"column":null}},"15":{"start":{"line":38,"column":4},"end":{"line":80,"column":null}}},"fnMap":{"0":{"name":"Register","decl":{"start":{"line":11,"column":24},"end":{"line":11,"column":35}},"loc":{"start":{"line":11,"column":35},"end":{"line":82,"column":null}}},"1":{"name":"(anonymous_1)","decl":{"start":{"line":16,"column":28},"end":{"line":16,"column":35}},"loc":{"start":{"line":16,"column":48},"end":{"line":36,"column":null}}}},"branchMap":{"0":{"loc":{"start":{"line":20,"column":12},"end":{"line":24,"column":null}},"type":"if","locations":[{"start":{"line":20,"column":12},"end":{"line":24,"column":null}},{"start":{},"end":{}}]}},"s":{"0":0,"1":0,"2":0,"3":0,"4":0,"5":0,"6":0,"7":0,"8":0,"9":0,"10":0,"11":0,"12":0,"13":0,"14":0,"15":0},"f":{"0":0,"1":0},"b":{"0":[0,0]}}
,"C:/Users/L1usk0/Desktop/Training/REACT/REACT APPLICATION/React-GolfShopProject/client/src/contexts/CartContext.jsx": {"path":"C:/Users/L1usk0/Desktop/Training/REACT/REACT APPLICATION/React-GolfShopProject/client/src/contexts/CartContext.jsx","statementMap":{"0":{"start":{"line":9,"column":20},"end":{"line":9,"column":null}},"1":{"start":{"line":12,"column":28},"end":{"line":12,"column":null}},"2":{"start":{"line":14,"column":22},"end":{"line":16,"column":null}},"3":{"start":{"line":15,"column":8},"end":{"line":15,"column":null}},"4":{"start":{"line":15,"column":28},"end":{"line":15,"column":58}},"5":{"start":{"line":18,"column":27},"end":{"line":20,"column":null}},"6":{"start":{"line":19,"column":8},"end":{"line":19,"column":null}},"7":{"start":{"line":19,"column":28},"end":{"line":19,"column":61}},"8":{"start":{"line":22,"column":22},"end":{"line":24,"column":null}},"9":{"start":{"line":23,"column":8},"end":{"line":23,"column":null}},"10":{"start":{"line":26,"column":23},"end":{"line":26,"column":null}},"11":{"start":{"line":28,"column":4},"end":{"line":31,"column":null}},"12":{"start":{"line":36,"column":4},"end":{"line":36,"column":null}}},"fnMap":{"0":{"name":"CartProvider","decl":{"start":{"line":11,"column":16},"end":{"line":11,"column":29}},"loc":{"start":{"line":11,"column":43},"end":{"line":33,"column":null}}},"1":{"name":"(anonymous_1)","decl":{"start":{"line":14,"column":22},"end":{"line":14,"column":23}},"loc":{"start":{"line":14,"column":32},"end":{"line":16,"column":null}}},"2":{"name":"(anonymous_2)","decl":{"start":{"line":15,"column":16},"end":{"line":15,"column":28}},"loc":{"start":{"line":15,"column":28},"end":{"line":15,"column":58}}},"3":{"name":"(anonymous_3)","decl":{"start":{"line":18,"column":27},"end":{"line":18,"column":28}},"loc":{"start":{"line":18,"column":35},"end":{"line":20,"column":null}}},"4":{"name":"(anonymous_4)","decl":{"start":{"line":19,"column":16},"end":{"line":19,"column":28}},"loc":{"start":{"line":19,"column":28},"end":{"line":19,"column":61}}},"5":{"name":"(anonymous_5)","decl":{"start":{"line":22,"column":22},"end":{"line":22,"column":28}},"loc":{"start":{"line":22,"column":28},"end":{"line":24,"column":null}}},"6":{"name":"useCart","decl":{"start":{"line":35,"column":16},"end":{"line":35,"column":26}},"loc":{"start":{"line":35,"column":26},"end":{"line":37,"column":null}}}},"branchMap":{},"s":{"0":0,"1":0,"2":0,"3":0,"4":0,"5":0,"6":0,"7":0,"8":0,"9":0,"10":0,"11":0,"12":0},"f":{"0":0,"1":0,"2":0,"3":0,"4":0,"5":0,"6":0},"b":{}}
,"C:/Users/L1usk0/Desktop/Training/REACT/REACT APPLICATION/React-GolfShopProject/client/src/contexts/UserContext.jsx": {"path":"C:/Users/L1usk0/Desktop/Training/REACT/REACT APPLICATION/React-GolfShopProject/client/src/contexts/UserContext.jsx","statementMap":{"0":{"start":{"line":3,"column":27},"end":{"line":10,"column":null}},"1":{"start":{"line":8,"column":28},"end":{"line":8,"column":null}},"2":{"start":{"line":9,"column":29},"end":{"line":9,"column":null}},"3":{"start":{"line":13,"column":17},"end":{"line":13,"column":null}},"4":{"start":{"line":15,"column":4},"end":{"line":15,"column":null}}},"fnMap":{"0":{"name":"(anonymous_0)","decl":{"start":{"line":8,"column":22},"end":{"line":8,"column":28}},"loc":{"start":{"line":8,"column":28},"end":{"line":8,"column":null}}},"1":{"name":"(anonymous_1)","decl":{"start":{"line":9,"column":23},"end":{"line":9,"column":29}},"loc":{"start":{"line":9,"column":29},"end":{"line":9,"column":null}}},"2":{"name":"useUserContext","decl":{"start":{"line":12,"column":16},"end":{"line":12,"column":33}},"loc":{"start":{"line":12,"column":33},"end":{"line":16,"column":null}}}},"branchMap":{},"s":{"0":0,"1":0,"2":0,"3":0,"4":0},"f":{"0":0,"1":0,"2":0},"b":{}}
,"C:/Users/L1usk0/Desktop/Training/REACT/REACT APPLICATION/React-GolfShopProject/client/src/guards/AuthGuard.jsx": {"path":"C:/Users/L1usk0/Desktop/Training/REACT/REACT APPLICATION/React-GolfShopProject/client/src/guards/AuthGuard.jsx","statementMap":{"0":{"start":{"line":5,"column":32},"end":{"line":5,"column":null}},"1":{"start":{"line":7,"column":4},"end":{"line":9,"column":null}},"2":{"start":{"line":8,"column":8},"end":{"line":8,"column":null}},"3":{"start":{"line":11,"column":4},"end":{"line":11,"column":null}}},"fnMap":{"0":{"name":"AuthGuard","decl":{"start":{"line":4,"column":24},"end":{"line":4,"column":36}},"loc":{"start":{"line":4,"column":36},"end":{"line":12,"column":null}}}},"branchMap":{"0":{"loc":{"start":{"line":7,"column":4},"end":{"line":9,"column":null}},"type":"if","locations":[{"start":{"line":7,"column":4},"end":{"line":9,"column":null}},{"start":{},"end":{}}]}},"s":{"0":0,"1":0,"2":0,"3":0},"f":{"0":0},"b":{"0":[0,0]}}
,"C:/Users/L1usk0/Desktop/Training/REACT/REACT APPLICATION/React-GolfShopProject/client/src/guards/GuestGuard.jsx": {"path":"C:/Users/L1usk0/Desktop/Training/REACT/REACT APPLICATION/React-GolfShopProject/client/src/guards/GuestGuard.jsx","statementMap":{"0":{"start":{"line":5,"column":32},"end":{"line":5,"column":null}},"1":{"start":{"line":7,"column":4},"end":{"line":9,"column":null}},"2":{"start":{"line":8,"column":8},"end":{"line":8,"column":null}},"3":{"start":{"line":11,"column":4},"end":{"line":11,"column":null}}},"fnMap":{"0":{"name":"GuestGuard","decl":{"start":{"line":4,"column":24},"end":{"line":4,"column":37}},"loc":{"start":{"line":4,"column":37},"end":{"line":12,"column":null}}}},"branchMap":{"0":{"loc":{"start":{"line":7,"column":4},"end":{"line":9,"column":null}},"type":"if","locations":[{"start":{"line":7,"column":4},"end":{"line":9,"column":null}},{"start":{},"end":{}}]}},"s":{"0":0,"1":0,"2":0,"3":0},"f":{"0":0},"b":{"0":[0,0]}}
,"C:/Users/L1usk0/Desktop/Training/REACT/REACT APPLICATION/React-GolfShopProject/client/src/hooks/useAuth.js": {"path":"C:/Users/L1usk0/Desktop/Training/REACT/REACT APPLICATION/React-GolfShopProject/client/src/hooks/useAuth.js","statementMap":{"0":{"start":{"line":7,"column":21},"end":{"line":7,"column":44}},"1":{"start":{"line":9,"column":27},"end":{"line":19,"column":5}},"2":{"start":{"line":10,"column":28},"end":{"line":16,"column":9}},"3":{"start":{"line":18,"column":8},"end":{"line":18,"column":101}},"4":{"start":{"line":21,"column":4},"end":{"line":31,"column":5}}},"fnMap":{"0":{"name":"useAuth","decl":{"start":{"line":6,"column":24},"end":{"line":6,"column":31}},"loc":{"start":{"line":6,"column":34},"end":{"line":32,"column":1}}},"1":{"name":"(anonymous_1)","decl":{"start":{"line":9,"column":27},"end":{"line":9,"column":28}},"loc":{"start":{"line":9,"column":64},"end":{"line":19,"column":5}}}},"branchMap":{"0":{"loc":{"start":{"line":9,"column":47},"end":{"line":9,"column":59}},"type":"default-arg","locations":[{"start":{"line":9,"column":57},"end":{"line":9,"column":59}}]},"1":{"loc":{"start":{"line":18,"column":55},"end":{"line":18,"column":99}},"type":"cond-expr","locations":[{"start":{"line":18,"column":78},"end":{"line":18,"column":89}},{"start":{"line":18,"column":92},"end":{"line":18,"column":99}}]}},"s":{"0":0,"1":0,"2":0,"3":0,"4":0},"f":{"0":0,"1":0},"b":{"0":[0],"1":[0,0]}}
,"C:/Users/L1usk0/Desktop/Training/REACT/REACT APPLICATION/React-GolfShopProject/client/src/hooks/usePersistedState.js": {"path":"C:/Users/L1usk0/Desktop/Training/REACT/REACT APPLICATION/React-GolfShopProject/client/src/hooks/usePersistedState.js","statementMap":{"0":{"start":{"line":4,"column":30},"end":{"line":15,"column":6}},"1":{"start":{"line":5,"column":31},"end":{"line":5,"column":61}},"2":{"start":{"line":6,"column":8},"end":{"line":10,"column":9}},"3":{"start":{"line":7,"column":12},"end":{"line":9,"column":30}},"4":{"start":{"line":12,"column":35},"end":{"line":12,"column":61}},"5":{"start":{"line":14,"column":8},"end":{"line":14,"column":34}},"6":{"start":{"line":17,"column":30},"end":{"line":27,"column":5}},"7":{"start":{"line":18,"column":21},"end":{"line":20,"column":19}},"8":{"start":{"line":22,"column":30},"end":{"line":22,"column":50}},"9":{"start":{"line":24,"column":8},"end":{"line":24,"column":54}},"10":{"start":{"line":26,"column":8},"end":{"line":26,"column":23}},"11":{"start":{"line":29,"column":4},"end":{"line":32,"column":5}}},"fnMap":{"0":{"name":"usePersistedState","decl":{"start":{"line":3,"column":24},"end":{"line":3,"column":41}},"loc":{"start":{"line":3,"column":65},"end":{"line":33,"column":1}}},"1":{"name":"(anonymous_1)","decl":{"start":{"line":4,"column":39},"end":{"line":4,"column":40}},"loc":{"start":{"line":4,"column":45},"end":{"line":15,"column":5}}},"2":{"name":"(anonymous_2)","decl":{"start":{"line":17,"column":30},"end":{"line":17,"column":31}},"loc":{"start":{"line":17,"column":41},"end":{"line":27,"column":5}}}},"branchMap":{"0":{"loc":{"start":{"line":6,"column":8},"end":{"line":10,"column":9}},"type":"if","locations":[{"start":{"line":6,"column":8},"end":{"line":10,"column":9}},{"start":{},"end":{}}]},"1":{"loc":{"start":{"line":7,"column":19},"end":{"line":9,"column":29}},"type":"cond-expr","locations":[{"start":{"line":8,"column":18},"end":{"line":8,"column":31}},{"start":{"line":9,"column":18},"end":{"line":9,"column":29}}]},"2":{"loc":{"start":{"line":18,"column":21},"end":{"line":20,"column":19}},"type":"cond-expr","locations":[{"start":{"line":19,"column":14},"end":{"line":19,"column":26}},{"start":{"line":20,"column":14},"end":{"line":20,"column":19}}]}},"s":{"0":0,"1":0,"2":0,"3":0,"4":0,"5":0,"6":0,"7":0,"8":0,"9":0,"10":0,"11":0},"f":{"0":0,"1":0,"2":0},"b":{"0":[0,0],"1":[0,0],"2":[0,0]}}
,"C:/Users/L1usk0/Desktop/Training/REACT/REACT APPLICATION/React-GolfShopProject/client/src/providers/UserProvider.jsx": {"path":"C:/Users/L1usk0/Desktop/Training/REACT/REACT APPLICATION/React-GolfShopProject/client/src/providers/UserProvider.jsx","statementMap":{"0":{"start":{"line":5,"column":36},"end":{"line":10,"column":null}},"1":{"start":{"line":12,"column":29},"end":{"line":19,"column":null}},"2":{"start":{"line":13,"column":8},"end":{"line":18,"column":null}},"3":{"start":{"line":21,"column":30},"end":{"line":28,"column":null}},"4":{"start":{"line":22,"column":8},"end":{"line":27,"column":null}},"5":{"start":{"line":30,"column":4},"end":{"line":33,"column":null}}},"fnMap":{"0":{"name":"UserProvider","decl":{"start":{"line":4,"column":24},"end":{"line":4,"column":37}},"loc":{"start":{"line":4,"column":51},"end":{"line":35,"column":null}}},"1":{"name":"(anonymous_1)","decl":{"start":{"line":12,"column":29},"end":{"line":12,"column":30}},"loc":{"start":{"line":12,"column":45},"end":{"line":19,"column":null}}},"2":{"name":"(anonymous_2)","decl":{"start":{"line":21,"column":30},"end":{"line":21,"column":36}},"loc":{"start":{"line":21,"column":36},"end":{"line":28,"column":null}}}},"branchMap":{"0":{"loc":{"start":{"line":14,"column":25},"end":{"line":14,"column":null}},"type":"binary-expr","locations":[{"start":{"line":14,"column":25},"end":{"line":14,"column":51}},{"start":{"line":14,"column":51},"end":{"line":14,"column":null}}]},"1":{"loc":{"start":{"line":15,"column":17},"end":{"line":15,"column":null}},"type":"binary-expr","locations":[{"start":{"line":15,"column":17},"end":{"line":15,"column":35}},{"start":{"line":15,"column":35},"end":{"line":15,"column":null}}]},"2":{"loc":{"start":{"line":16,"column":19},"end":{"line":16,"column":null}},"type":"binary-expr","locations":[{"start":{"line":16,"column":19},"end":{"line":16,"column":39}},{"start":{"line":16,"column":39},"end":{"line":16,"column":null}}]},"3":{"loc":{"start":{"line":17,"column":22},"end":{"line":17,"column":null}},"type":"binary-expr","locations":[{"start":{"line":17,"column":22},"end":{"line":17,"column":45}},{"start":{"line":17,"column":45},"end":{"line":17,"column":null}}]}},"s":{"0":0,"1":0,"2":0,"3":0,"4":0,"5":0},"f":{"0":0,"1":0,"2":0},"b":{"0":[0,0],"1":[0,0],"2":[0,0],"3":[0,0]}}
,"C:/Users/L1usk0/Desktop/Training/REACT/REACT APPLICATION/React-GolfShopProject/client/src/services/requests.js": {"path":"C:/Users/L1usk0/Desktop/Training/REACT/REACT APPLICATION/React-GolfShopProject/client/src/services/requests.js","statementMap":{"0":{"start":{"line":4,"column":16},"end":{"line":47,"column":1}},"1":{"start":{"line":5,"column":4},"end":{"line":7,"column":5}},"2":{"start":{"line":6,"column":8},"end":{"line":6,"column":32}},"3":{"start":{"line":9,"column":4},"end":{"line":18,"column":5}},"4":{"start":{"line":10,"column":8},"end":{"line":17,"column":9}},"5":{"start":{"line":20,"column":4},"end":{"line":46,"column":5}},"6":{"start":{"line":21,"column":25},"end":{"line":21,"column":50}},"7":{"start":{"line":22,"column":8},"end":{"line":29,"column":9}},"8":{"start":{"line":23,"column":30},"end":{"line":23,"column":51}},"9":{"start":{"line":24,"column":12},"end":{"line":26,"column":13}},"10":{"start":{"line":25,"column":16},"end":{"line":25,"column":37}},"11":{"start":{"line":27,"column":12},"end":{"line":27,"column":70}},"12":{"start":{"line":28,"column":12},"end":{"line":28,"column":73}},"13":{"start":{"line":30,"column":8},"end":{"line":32,"column":9}},"14":{"start":{"line":31,"column":12},"end":{"line":31,"column":28}},"15":{"start":{"line":33,"column":36},"end":{"line":33,"column":72}},"16":{"start":{"line":34,"column":8},"end":{"line":36,"column":9}},"17":{"start":{"line":35,"column":12},"end":{"line":35,"column":19}},"18":{"start":{"line":38,"column":23},"end":{"line":38,"column":44}},"19":{"start":{"line":40,"column":8},"end":{"line":40,"column":22}},"20":{"start":{"line":43,"column":8},"end":{"line":43,"column":68}},"21":{"start":{"line":44,"column":8},"end":{"line":44,"column":70}},"22":{"start":{"line":45,"column":8},"end":{"line":45,"column":20}}},"fnMap":{"0":{"name":"(anonymous_0)","decl":{"start":{"line":4,"column":16},"end":{"line":4,"column":21}},"loc":{"start":{"line":4,"column":59},"end":{"line":47,"column":1}}}},"branchMap":{"0":{"loc":{"start":{"line":4,"column":42},"end":{"line":4,"column":54}},"type":"default-arg","locations":[{"start":{"line":4,"column":52},"end":{"line":4,"column":54}}]},"1":{"loc":{"start":{"line":5,"column":4},"end":{"line":7,"column":5}},"type":"if","locations":[{"start":{"line":5,"column":4},"end":{"line":7,"column":5}},{"start":{},"end":{}}]},"2":{"loc":{"start":{"line":9,"column":4},"end":{"line":18,"column":5}},"type":"if","locations":[{"start":{"line":9,"column":4},"end":{"line":18,"column":5}},{"start":{},"end":{}}]},"3":{"loc":{"start":{"line":22,"column":8},"end":{"line":29,"column":9}},"type":"if","locations":[{"start":{"line":22,"column":8},"end":{"line":29,"column":9}},{"start":{},"end":{}}]},"4":{"loc":{"start":{"line":24,"column":12},"end":{"line":26,"column":13}},"type":"if","locations":[{"start":{"line":24,"column":12},"end":{"line":26,"column":13}},{"start":{},"end":{}}]},"5":{"loc":{"start":{"line":24,"column":16},"end":{"line":24,"column":86}},"type":"binary-expr","locations":[{"start":{"line":24,"column":16},"end":{"line":24,"column":39}},{"start":{"line":24,"column":43},"end":{"line":24,"column":86}}]},"6":{"loc":{"start":{"line":27,"column":24},"end":{"line":27,"column":68}},"type":"binary-expr","locations":[{"start":{"line":27,"column":24},"end":{"line":27,"column":41}},{"start":{"line":27,"column":45},"end":{"line":27,"column":68}}]},"7":{"loc":{"start":{"line":28,"column":28},"end":{"line":28,"column":71}},"type":"binary-expr","locations":[{"start":{"line":28,"column":28},"end":{"line":28,"column":45}},{"start":{"line":28,"column":49},"end":{"line":28,"column":71}}]},"8":{"loc":{"start":{"line":30,"column":8},"end":{"line":32,"column":9}},"type":"if","locations":[{"start":{"line":30,"column":8},"end":{"line":32,"column":9}},{"start":{},"end":{}}]},"9":{"loc":{"start":{"line":34,"column":8},"end":{"line":36,"column":9}},"type":"if","locations":[{"start":{"line":34,"column":8},"end":{"line":36,"column":9}},{"start":{},"end":{}}]},"10":{"loc":{"start":{"line":43,"column":44},"end":{"line":43,"column":66}},"type":"binary-expr","locations":[{"start":{"line":43,"column":44},"end":{"line":43,"column":57}},{"start":{"line":43,"column":61},"end":{"line":43,"column":66}}]},"11":{"loc":{"start":{"line":44,"column":20},"end":{"line":44,"column":68}},"type":"binary-expr","locations":[{"start":{"line":44,"column":20},"end":{"line":44,"column":33}},{"start":{"line":44,"column":37},"end":{"line":44,"column":68}}]}},"s":{"0":0,"1":0,"2":0,"3":0,"4":0,"5":0,"6":0,"7":0,"8":0,"9":0,"10":0,"11":0,"12":0,"13":0,"14":0,"15":0,"16":0,"17":0,"18":0,"19":0,"20":0,"21":0,"22":0},"f":{"0":0},"b":{"0":[0],"1":[0,0],"2":[0,0],"3":[0,0],"4":[0,0],"5":[0,0],"6":[0,0],"7":[0,0],"8":[0,0],"9":[0,0],"10":[0,0],"11":[0,0]}}
}
